2021-08-24 00:28:44 [scrapy] DEBUG: Crawled (200) <GET https://financenews.com.br/robots.txt> (referer: None)
2021-08-24 00:28:45 [scrapy] DEBUG: Crawled (200) <GET https://financenews.com.br/category/nao-deixe-de-ler/> (referer: None)
2021-08-24 00:28:45 [scrapy] DEBUG: Crawled (200) <GET https://financenews.com.br/category/nao-deixe-de-ler/> (referer: https://financenews.com.br/category/nao-deixe-de-ler/)
2021-08-24 00:28:45 [scrapy] DEBUG: Filtered duplicate request: <GET https://financenews.com.br/2021/08/banco-do-brasil-atualiza-valor-do-jcp-que-sera-pago-dia-31/> - no more duplicates will be shown (see DUPEFILTER_DEBUG to show all duplicates)
2021-08-24 00:28:45 [scrapy] DEBUG: Forbidden by robots.txt: <GET https://financenews.com.br/2021/08/guararapes-inaugura-4-lojas-carters/>
2021-08-24 00:28:45 [scrapy] DEBUG: Crawled (200) <GET https://financenews.com.br/2021/08/banco-do-brasil-atualiza-valor-do-jcp-que-sera-pago-dia-31/> (referer: https://financenews.com.br/category/nao-deixe-de-ler/)
2021-08-24 00:28:45 [scrapy] DEBUG: Scraped from <200 https://financenews.com.br/2021/08/banco-do-brasil-atualiza-valor-do-jcp-que-sera-pago-dia-31/>
{'conteudo': 'O Banco do Brasil (BBAS3) informou na noite desta segunda-feira, '
             '23, que atualizou o valor do juro sobre o capital próprio '
             'divulgado por meio do fato relevante de 04.08.2021.O valor do '
             'JCP complementar referente ao 2º trimestre de 2021 atualizado '
             'pela taxa Selic até 23.08.2021 (data-base) é de R$ '
             '0,34787265629.Para ter direito, era necessário ter ações do '
             'banco até o fim do pregão desta segunda, 23.As ações serão '
             'negociadas “ex” a partir desta terça, 24 de agosto.  A data do '
             'pagamento é o próximo dia 31 de agosto.       ',
 'title': 'Banco do Brasil atualiza valor do JCP que será pago dia 31',
 'url': 'https://financenews.com.br/2021/08/banco-do-brasil-atualiza-valor-do-jcp-que-sera-pago-dia-31/'}
2021-08-24 00:28:45 [scrapy] DEBUG: Crawled (200) <GET https://financenews.com.br/category/nao-deixe-de-ler/page/2/> (referer: https://financenews.com.br/category/nao-deixe-de-ler/)
2021-08-24 00:28:46 [scrapy] DEBUG: Crawled (200) <GET https://financenews.com.br/2021/08/eletrobras-chesf-tem-ganho-de-causa-em-acao/> (referer: https://financenews.com.br/category/nao-deixe-de-ler/)
2021-08-24 00:28:46 [scrapy] DEBUG: Crawled (200) <GET https://financenews.com.br/2021/08/petroleo-minerio-bitcoin-noticias-corporativas-e-mercados-nesta-sexta/> (referer: https://financenews.com.br/category/nao-deixe-de-ler/)
2021-08-24 00:28:46 [scrapy] DEBUG: Scraped from <200 https://financenews.com.br/2021/08/eletrobras-chesf-tem-ganho-de-causa-em-acao/>
{'conteudo': 'O Tribunal Regional Federal da 5.ª Região manteve a '
             'improcedência de uma ação ao rejeitar o recurso proposto pelo '
             'município de Canindé do São Francisco/SE contra a Companhia '
             'Hidro Elétrica do São Francisco (Chesf), controlada pela '
             'Eletrobras (ELET3) . Além da decisão de mérito, o juiz havia '
             'alterado o valor do processo de R$ 2.925.318.050,00 (dois '
             'bilhões, novecentos e vinte e cinco milhões, trezentos e dezoito '
             'mil e cinquenta reais) para R$ 52.970.536,71 (cinquenta e dois '
             'milhões, novecentos e setenta mil, quinhentos e trinta e seis '
             'reais e setenta e um centavos). Segundo informou a Eletrobras '
             'nesta segunda-feira, 23, o trânsito em julgado da ação ocorreu '
             'nesta data, com ganho de causa para a controlada Chesf, não '
             'cabendo mais recurso da outra parte.        ',
 'title': 'Eletrobras: Chesf tem ganho de causa',
 'url': 'https://financenews.com.br/2021/08/eletrobras-chesf-tem-ganho-de-causa-em-acao/'}
2021-08-24 00:28:46 [scrapy] DEBUG: Crawled (200) <GET https://financenews.com.br/2021/08/banestes-lanca-plano-de-desligamento-voluntario/> (referer: https://financenews.com.br/category/nao-deixe-de-ler/)
2021-08-24 00:28:46 [scrapy] DEBUG: Scraped from <200 https://financenews.com.br/2021/08/petroleo-minerio-bitcoin-noticias-corporativas-e-mercados-nesta-sexta/>
{'conteudo': 'China (Shanghai Comp.): -1,10% (pregão encerrado)Japão (Nikkei '
             '225): -0,98% (pregão encerrado)Hong Kong (Hang Seng): -1,84% '
             '(pregão encerrado)Alemanha (DAX): -0,45%Londres (FTSE 100): '
             '-0,17%Petróleo Brent: -0,63% (US$ 66,02). O brent é referência '
             'para a Petrobras.Petróleo WTI: -0,65% (US$ 63,09).Bitcoin '
             'futuro: +1,23% (US$ 47.245)O contrato futuro mais líquido do '
             'minério de ferro negociado na bolsa de Dalian, na China, teve '
             'alta de 0,25% cotado em 777 iuanes (US$ 119,6). A cotação em '
             'Dalian pode impactar os papéis da brasileira Vale (VALE3), CSN '
             '(CSNA3) e CSN Mineração (CMIN3). Esse dado foi obtido no link: '
             'Às 7h48 em Wall Street, o Dow Jones futuro operava em queda de '
             '0,40% e o S&P 500 futuro com desvalorização de 0,36%. Nasdaq '
             'futuro caía 0,22%.     ',
 'title': 'Petróleo, minério, bitcoin, notícias corporativas e mercados nesta '
          'sexta',
 'url': 'https://financenews.com.br/2021/08/petroleo-minerio-bitcoin-noticias-corporativas-e-mercados-nesta-sexta/'}
2021-08-24 00:28:46 [scrapy] DEBUG: Crawled (200) <GET https://financenews.com.br/2021/08/petrobras-inicia-operacao-do-fpso-carioca-no-campo-de-sepia/> (referer: https://financenews.com.br/category/nao-deixe-de-ler/)
2021-08-24 00:28:46 [scrapy] DEBUG: Crawled (200) <GET https://financenews.com.br/2021/08/noticias-corporativas-minerio-petroleo-bitcoin-e-mercados-hoje/> (referer: https://financenews.com.br/category/nao-deixe-de-ler/)
2021-08-24 00:28:46 [scrapy] DEBUG: Crawled (200) <GET https://financenews.com.br/2021/08/simpar-vai-recomprar-ate-114-milhoes-de-acoes/> (referer: https://financenews.com.br/category/nao-deixe-de-ler/)
2021-08-24 00:28:46 [scrapy] DEBUG: Scraped from <200 https://financenews.com.br/2021/08/petrobras-inicia-operacao-do-fpso-carioca-no-campo-de-sepia/>
{'conteudo': 'A Petrobras (PETR4) informou na noite desta segunda, 23, que '
             'iniciou hoje a produção de petróleo e gás natural do FPSO '
             'Carioca, primeira plataforma no campo de Sépia, no pré-sal da '
             'Bacia de Santos. A plataforma, do tipo FPSO (unidade flutuante '
             'de produção, armazenamento e transferência de petróleo e gás), '
             'está localizada a aproximadamente 200 km da costa do estado do '
             'Rio de Janeiro, em profundidade de água de 2.200 metros. O FPSO '
             'Carioca, unidade afretada junto à Modec, possui capacidade para '
             'processar diariamente até 180 mil barris de óleo e comprimir até '
             '6 milhões de m³ de gás natural. O projeto prevê a interligação '
             'de sete poços produtores e quatro poços injetores ao FPSO. O '
             'escoamento da produção de petróleo será feito por navios '
             'aliviadores, enquanto a produção de gás será escoada pelas rotas '
             'de gasodutos do pré-sal. O projeto também conta com sistema de '
             'remoção de CO2 presente no gás produzido e de reinjeção na '
             'jazida, reduzindo o lançamento de dióxido de carbono na '
             'atmosfera e melhorando a recuperação de óleo da mesma. A jazida '
             'compartilhada de Sépia é composta pelos campos de Sépia e Sépia '
             'Leste, localizados em áreas da Cessão Onerosa e Concessão '
             '(BM-S-24), respectivamente, operada pela Petrobras (97,6%), em '
             'parceria com a Petrogal Brasil S.A. (2,4%).     ',
 'title': 'Petrobras inicia operação do FPSO Carioca no campo de Sépia',
 'url': 'https://financenews.com.br/2021/08/petrobras-inicia-operacao-do-fpso-carioca-no-campo-de-sepia/'}
2021-08-24 00:28:46 [scrapy] DEBUG: Scraped from <200 https://financenews.com.br/2021/08/noticias-corporativas-minerio-petroleo-bitcoin-e-mercados-hoje/>
{'conteudo': 'As Bolsas da Europa recuam e as da Ásia fecharam em queda '
             'principalmente devido à preocupação com o crescimento econômico '
             'em meio à variante delta. Os mercados de ações também repercutem '
             'a ata da última reunião do Banco Central dos EUA (o Federal '
             'Reserve (Fed), divulgada na véspera, que sinalizou a discussão '
             'sobre a redução do ritmo de compra de títulos ainda este ano.A '
             'sessão é forte queda para o petróleo e minério de ferro.China '
             '(Shanghai Comp.): -0,57% (pregão encerrado)Japão (Nikkei 225): '
             '-1,10% (pregão encerrado)Hong Kong (Hang Seng): -2,13% (pregão '
             'encerrado)Alemanha (DAX): -1,65%Londres (FTSE 100): '
             '-1,94%Petróleo Brent: -3,24% (US$ 66,13). O brent é referência '
             'para a Petrobras.Petróleo WTI: -3,60% (US$ 63,14).Bitcoin '
             'futuro: -1,11% (US$ 44.345)O contrato futuro mais líquido do '
             'minério de ferro negociado na bolsa de Dalian, na China, teve '
             'queda de 7,1% cotado em 762 iuanes (US$ 117,4). A cotação em '
             'Dalian pode impactar os papéis da brasileira Vale (VALE3), CSN '
             '(CSNA3) e CSN Mineração (CMIN3). Esse dado foi obtido no link: '
             'Às 7h55 em Wall Street, o Dow Jones futuro operava em queda de '
             '0,81% e o S&P 500 futuro com desvalorização de 0,74%. Nasdaq '
             'futuro caía 0,60%.   A desvalorização ocorre em função de '
             'estimativas de que a produção e o consumo de aço na China vão '
             'diminuir, em parte devido às medidas para reduzir a poluição.   ',
 'title': 'Notícias corporativas, minério, petróleo, bitcoin e mercados hoje',
 'url': 'https://financenews.com.br/2021/08/noticias-corporativas-minerio-petroleo-bitcoin-e-mercados-hoje/'}
2021-08-24 00:28:46 [scrapy] DEBUG: Crawled (200) <GET https://financenews.com.br/2021/08/eventos-no-radar-do-mercado-nesta-semana-7/> (referer: https://financenews.com.br/category/nao-deixe-de-ler/)
2021-08-24 00:28:46 [scrapy] DEBUG: Crawled (200) <GET https://financenews.com.br/2021/08/minerio-petroleo-bitcoin-mercados-hoje-e-noticias-corporativas-3/> (referer: https://financenews.com.br/category/nao-deixe-de-ler/)
2021-08-24 00:28:46 [scrapy] DEBUG: Crawled (200) <GET https://financenews.com.br/2021/08/noticias-corporativas-da-noite-desta-segunda-23/> (referer: https://financenews.com.br/category/nao-deixe-de-ler/)
2021-08-24 00:28:46 [scrapy] INFO: Closing spider (News counter atingido.)
2021-08-24 00:28:46 [scrapy] DEBUG: Crawled (200) <GET https://financenews.com.br/2021/08/fitch-reafirma-rating-da-mrv/> (referer: https://financenews.com.br/category/nao-deixe-de-ler/)
2021-08-24 00:28:46 [scrapy] DEBUG: Crawled (200) <GET https://financenews.com.br/2021/08/renova-energia-aumenta-capital-social-reduz-divida-concursal/> (referer: https://financenews.com.br/category/nao-deixe-de-ler/)
2021-08-24 00:28:46 [scrapy] DEBUG: Crawled (200) <GET https://financenews.com.br/category/nao-deixe-de-ler/page/3/> (referer: https://financenews.com.br/category/nao-deixe-de-ler/page/2/)
2021-08-24 00:28:46 [scrapy] DEBUG: Crawled (200) <GET https://financenews.com.br/2021/08/ibovespa-futuro-dolar-e-outros-destaques-69/> (referer: https://financenews.com.br/category/nao-deixe-de-ler/page/2/)
2021-08-24 00:28:46 [scrapy] DEBUG: Crawled (200) <GET https://financenews.com.br/2021/08/cosan-compra-porto-de-sao-luis-e-entra-no-setor-de-minerio-de-ferro/> (referer: https://financenews.com.br/category/nao-deixe-de-ler/)
2021-08-24 00:28:47 [scrapy] DEBUG: Crawled (200) <GET https://financenews.com.br/2021/08/a-avaliacao-do-bradesco-bbi-para-o-banco-pan/> (referer: https://financenews.com.br/category/nao-deixe-de-ler/page/2/)
2021-08-24 00:28:47 [scrapy] DEBUG: Crawled (200) <GET https://financenews.com.br/2021/08/mercado-eleva-projecao-de-inflacao-e-reduz-a-do-pib-para-este-ano-e-2022/> (referer: https://financenews.com.br/category/nao-deixe-de-ler/page/2/)
2021-08-24 00:28:47 [scrapy] DEBUG: Crawled (200) <GET https://financenews.com.br/2021/08/companhia-brasileira-de-aluminio-vale-a-pena-veja-a-analise-para-cbav3/> (referer: https://financenews.com.br/category/nao-deixe-de-ler/page/2/)
2021-08-24 00:28:47 [scrapy] DEBUG: Crawled (200) <GET https://financenews.com.br/2021/08/rapidas-sabesp-cba-smart-fit-siderurgicas-vale-petrobras/> (referer: https://financenews.com.br/category/nao-deixe-de-ler/page/2/)
2021-08-24 00:28:47 [scrapy] DEBUG: Crawled (200) <GET https://financenews.com.br/2021/08/movida-podera-recomprar-ate-123-milhoes-de-acoes/> (referer: https://financenews.com.br/category/nao-deixe-de-ler/page/2/)
2021-08-24 00:28:47 [scrapy] DEBUG: Crawled (200) <GET https://financenews.com.br/2021/08/btg-eleva-participacao-na-mosaico/> (referer: https://financenews.com.br/category/nao-deixe-de-ler/page/2/)
2021-08-24 00:28:47 [scrapy] DEBUG: Crawled (200) <GET https://financenews.com.br/2021/08/atencao-acionista-alupar-pagara-2-parcela-de-dividendo-dia-30/> (referer: https://financenews.com.br/category/nao-deixe-de-ler/page/2/)
2021-08-24 00:28:47 [scrapy] DEBUG: Crawled (200) <GET https://financenews.com.br/2021/08/ibovespa-fecha-em-queda-de-049-dolar-fecha-em-r-538/> (referer: https://financenews.com.br/category/nao-deixe-de-ler/page/2/)
2021-08-24 00:28:47 [scrapy] DEBUG: Crawled (200) <GET https://financenews.com.br/2021/08/atualizacao-das-13h30-embraer-suzano-klabin-petroleiras-e-outros-destaques/> (referer: https://financenews.com.br/category/nao-deixe-de-ler/page/2/)
2021-08-24 00:28:47 [scrapy] INFO: Dumping Scrapy stats:
{'downloader/exception_count': 1,
 'downloader/exception_type_count/scrapy.exceptions.IgnoreRequest': 1,
 'downloader/request_bytes': 9673,
 'downloader/request_count': 28,
 'downloader/request_method_count/GET': 28,
 'downloader/response_bytes': 315790,
 'downloader/response_count': 28,
 'downloader/response_status_count/200': 28,
 'dupefilter/filtered': 2,
 'elapsed_time_seconds': 4.013936,
 'finish_reason': 'News counter atingido.',
 'finish_time': datetime.datetime(2021, 8, 24, 3, 28, 47, 838227),
 'item_scraped_count': 5,
 'log_count/DEBUG': 35,
 'log_count/INFO': 7,
 'request_depth_max': 4,
 'response_received_count': 28,
 'robotstxt/forbidden': 1,
 'robotstxt/request_count': 1,
 'robotstxt/response_count': 1,
 'robotstxt/response_status_count/200': 1,
 'scheduler/dequeued': 28,
 'scheduler/dequeued/memory': 28,
 'scheduler/enqueued': 38,
 'scheduler/enqueued/memory': 38,
 'start_time': datetime.datetime(2021, 8, 24, 3, 28, 43, 824291)}
2021-08-24 00:28:47 [scrapy] INFO: Spider closed (News counter atingido.)
