2021-08-22 10:29:20 [scrapy] DEBUG: Crawled (200) <GET https://financenews.com.br/robots.txt> (referer: None)
2021-08-22 10:29:21 [scrapy] DEBUG: Crawled (200) <GET https://financenews.com.br/category/nao-deixe-de-ler/> (referer: None)
2021-08-22 10:29:21 [scrapy] DEBUG: Crawled (200) <GET https://financenews.com.br/category/nao-deixe-de-ler/page/2/> (referer: https://financenews.com.br/category/nao-deixe-de-ler/)
2021-08-22 10:29:22 [scrapy] DEBUG: Crawled (200) <GET https://financenews.com.br/2021/08/sp-revisa-para-positiva-perspectiva-dos-ratings-da-iochpe-maxion/> (referer: https://financenews.com.br/category/nao-deixe-de-ler/)
2021-08-22 10:29:22 [scrapy] DEBUG: Crawled (200) <GET https://financenews.com.br/2021/08/armac-compra-rental-company-do-brasil/> (referer: https://financenews.com.br/category/nao-deixe-de-ler/)
2021-08-22 10:29:22 [scrapy] DEBUG: Crawled (200) <GET https://financenews.com.br/2021/08/pf-cumpriu-mandado-de-busca-e-apreensao-em-unidade-da-minerva/> (referer: https://financenews.com.br/category/nao-deixe-de-ler/)
2021-08-22 10:29:22 [scrapy] DEBUG: Scraped from <200 https://financenews.com.br/2021/08/pf-cumpriu-mandado-de-busca-e-apreensao-em-unidade-da-minerva/>
{'conteudo': 'A Minerva (BEEF3) informou após o pregão desta sexta-feira, 20, '
             'que a Polícia Federal realizou procedimento na unidade '
             'localizada em Palmeiras de Goiás, no estado de Goiás, no âmbito '
             'da fase inicial da operação “a Posteriori”, que apura supostas '
             'irregularidades envolvendo auditores fiscais federais '
             'agropecuários no período de 2018 a 2019. Os agentes cumpriram '
             'mandados de busca e apreensão.“O procedimento contou com total '
             'cooperação dos colaboradores da Minerva e a unidade Palmeiras de '
             'Goiás mantém suas atividades regulares”, afirmou a empresa. '
             'Ainda segundo a Minerva, não existe indiciamento ou denúncia '
             'contra a companhia, contra seus administradores ou qualquer de '
             'seus empregados ou colaboradores no âmbito da operação.',
 'title': 'PF cumpriu mandado de busca e apreensão em unidade da Minerva',
 'url': 'https://financenews.com.br/2021/08/pf-cumpriu-mandado-de-busca-e-apreensao-em-unidade-da-minerva/'}
2021-08-22 10:29:22 [scrapy] DEBUG: Crawled (200) <GET https://financenews.com.br/2021/08/oceanpact-contrata-bancos-para-captacao-de-ate-r-420-milhoes/> (referer: https://financenews.com.br/category/nao-deixe-de-ler/)
2021-08-22 10:29:22 [scrapy] DEBUG: Crawled (200) <GET https://financenews.com.br/2021/08/10-perguntas-e-respostas-sobre-a-queda-da-bolsa/> (referer: https://financenews.com.br/category/nao-deixe-de-ler/)
2021-08-22 10:29:22 [scrapy] DEBUG: Crawled (200) <GET https://financenews.com.br/category/nao-deixe-de-ler/page/3/> (referer: https://financenews.com.br/category/nao-deixe-de-ler/page/2/)
2021-08-22 10:29:22 [scrapy] DEBUG: Scraped from <200 https://financenews.com.br/2021/08/oceanpact-contrata-bancos-para-captacao-de-ate-r-420-milhoes/>
{'conteudo': 'A Oceanpact Serviços Marítimos (OPCT3) informou na noite desta '
             'sexta, 20, que engajou o Banco Itaú BBA, o Banco Bradesco BBI, o '
             'Banco ABC Brasil e o Banco Votorantim para atuarem, em conjunto, '
             'como coordenadores, sendo o Itaú BBA o coordenador líder da '
             'operação, no âmbito de potencial captação de recursos no mercado '
             'local de renda fixa no valor total de até R$ 420 milhões. “Caso '
             'a potencial captação seja realizada, esta será conduzida em '
             'conformidade com a legislação e a regulamentação aplicáveis e os '
             'recursos obtidos poderão ser aplicados da seguinte forma: a '
             'compra de embarcação e robôs submarinos; e a otimização da '
             'estrutura de capital da companhia, incluindo o pré-pagamento de '
             'dívida existente”, explicou a Oceanpact em um fato relevante.  A '
             'empresa afirmou que a potencial captação, caso concluída, poderá '
             'ser garantida por bens e/ou ativos de sua propriedade. A '
             'operação está sujeita, ainda, às condições do mercado de '
             'capitais brasileiro, às aprovações societárias necessárias da '
             'Companhia, à celebração dos contratos definitivos, à conclusão '
             'satisfatória dos procedimentos usuais em operações análogas, ao '
             'cumprimento de demais condições precedentes da operação, dentre '
             'outros fatores alheios à vontade da companhia.',
 'title': 'Oceanpact contrata bancos para captação de até R$ 420 milhões',
 'url': 'https://financenews.com.br/2021/08/oceanpact-contrata-bancos-para-captacao-de-ate-r-420-milhoes/'}
2021-08-22 10:29:22 [scrapy] DEBUG: Scraped from <200 https://financenews.com.br/2021/08/10-perguntas-e-respostas-sobre-a-queda-da-bolsa/>
{'conteudo': 'A queda ocorre devido a fatores externos e internos. Entre os '
             'fatores externos estão o avanço da variante delta do '
             'coronavírus, que ameaça a retomada da economia no mundo e '
             'pressiona as commodities, como petróleo e minério de ferro. A '
             'pressão regulatória do governo da China também ajuda a derrubar '
             'o preço do minério e do aço. Entre os fatores internos estão '
             'aumento do risco fiscal em meio a ruídos políticos no Brasil; '
             'alta dos juros, e estimativa de redução da atividade econômica '
             'para 2022. Além disso, não foi bem recebida a proposta de '
             'reforma do Imposto de Renda, o que penalizou empresas boa '
             'pagadoras de proventos. No momento, analistas avaliam que, com a '
             'alta persistente da inflação, o governo será obrigado a gastar '
             'ainda mais do que se previa. Isso em meio ao risco de ter que '
             'pagar precatórios bilionários e às vésperas de um ano eleitoral, '
             'quando as chances de medidas populistas aumentam. A percepção do '
             'risco de que seja furado o teto de gastos se eleva. Vale lembrar '
             'que o teto é a barreira constitucional que limita o '
             'endividamento federal de longo prazo.Tudo isso se traduz em algo '
             'que grandes players do mercado não gostam: incerteza.Quanto '
             'maior a incerteza, maior é o prêmio exigido pelo mercado para '
             'investir. Ou seja: maior é o juro exigido. Por isso que a taxa '
             'de juros pré-fixada de 10 anos teve forte alta nas últimas '
             'semanas no Brasil, o que não vem ocorrendo com outros países '
             'emergentes.Para se ter uma ideia, a taxa de um título do tesouro '
             'chamado de NTN-B 2050 se aproxima do patamar registrado no pior '
             'momento da pandemia, isto é, quando houve um momento de grande '
             'incerteza.Os analistas ouvidos pelo Finance News apontam que '
             'nosso país é um dos poucos a ver uma elevação acentuada do juro '
             'de longo prazo. Isso tem um impacto direto em ativos de risco, '
             'como é o caso das ações. Nesse cenário, grandes investidores '
             'tendem a mirar mais em ativos atrelados a juros e ter menor '
             'exposição à Bolsa.A elevação dos gastos no Brasil sem uma '
             'contrapartida e a retirada dos estímulos pelo Banco Central '
             'americano são citados como os principais, além de outros. A '
             'redução dos estímulos, importantes durante a crise provocada '
             'pela pandemia, pelo Banco Central americano leva à redução da '
             'liquidez pelo mundo. Menos dinheiro à disposição tende a gerar '
             'um movimento de busca por locais mais seguros para investir, '
             'como países ricos. O capital especulativo de sobra inflou o '
             'preço de muitas ações na Bolsa brasileira e na de muitos '
             'países.É importante também entender outra medida do Banco '
             'Central dos EUA que pode impactar nosso mercado: a elevação dos '
             'juros americanos. Embora ainda não seja uma preocupação de agora '
             '(o mercado está mais atento à redução dos estímulos), esse tema '
             'deve ganhar relevância nos próximos trimestres. A alta dos juros '
             'americanos retira dinheiro dos emergentes, faz o dólar subir e '
             'provoca alta da inflação.De fato, os resultados do segundo '
             'trimestre deste ano mostraram que muitas empresas com ações '
             'negociadas na B3 voltaram a ter bons níveis de rentabilidade, o '
             'que acaba tornando indicadores financeiros e operacionais das '
             'suas ações ainda interessantes.No entanto, entre as sinalizações '
             'dos balanços do segundo trimestre das companhias e as projeções '
             'do que está por vir, o mercado, nesse momento, tem dado maior '
             'ênfase nos próximos trimestres, precificando agora um cenário '
             'mais adverso.Analistas afirmam ainda que é preciso entender que '
             'a base de comparação ajudou muitas empresas. Houve companhias '
             'que reverteram o prejuízo em relação ao 2T20. Só que no segundo '
             'trimestre de 2020, vale lembrar, a grande maioria das empresas '
             'sofreu com o impacto do fechamento da economia devido à '
             'pandemia.Nesse ponto especialistas se dividem. Alguns acreditam '
             'que as ações estão baratas e a queda do Ibovespa é uma '
             'oportunidade para comprar papéis de companhias com bons '
             'fundamentos, boa gestão e em setores promissores. Outros '
             'acreditam que muitos papéis podem cair mais já que subiram em '
             'função de uma estimativa de crescimento da economia bem maior do '
             'que as projeções atuais. Todos são unânimes em afirmar que os '
             'investidores agora terão que ser mais seletivos e estar '
             'posicionados em companhias com boas perspectivas de resultados '
             'mesmo diante do cenário mais desafiador e resilientes ao cenário '
             'macroeconômico.',
 'title': '10 perguntas (e respostas) sobre a queda da Bolsa\xa0',
 'url': 'https://financenews.com.br/2021/08/10-perguntas-e-respostas-sobre-a-queda-da-bolsa/'}
2021-08-22 10:29:22 [scrapy] DEBUG: Crawled (200) <GET https://financenews.com.br/2021/08/noticias-corporativas-da-noite-desta-sexta-20/> (referer: https://financenews.com.br/category/nao-deixe-de-ler/)
2021-08-22 10:29:23 [scrapy] DEBUG: Crawled (200) <GET https://financenews.com.br/2021/08/atualizacao-das-13h20-sabesp-rede-dor-azul-e-outros-destaques/> (referer: https://financenews.com.br/category/nao-deixe-de-ler/page/2/)
2021-08-22 10:29:23 [scrapy] DEBUG: Crawled (200) <GET https://financenews.com.br/2021/08/itau-assembleia-para-deliberar-incorporacao-da-xpart-pela-xp-sera-em-outubro/> (referer: https://financenews.com.br/category/nao-deixe-de-ler/)
2021-08-22 10:29:23 [scrapy] DEBUG: Scraped from <200 https://financenews.com.br/2021/08/atualizacao-das-13h20-sabesp-rede-dor-azul-e-outros-destaques/>
{'conteudo': 'Às 13h10 o Ibovespa tinha alta de 0,30% aos 117.479 pontos. Na '
             'semana, caminha para fechar com desvalorização de -3%.A queda '
             'semanal ocorre diante do avanço da variante delta do '
             'coronavírus, que ameaça a retomada da economia no mundo e '
             'pressiona as commodities, a pressão regulatória do governo da '
             'China e as incertezas associadas, e o risco fiscal em meio à '
             'ruídos políticos no Brasil.O dólar comercial virou para queda. '
             'Às 13h09 o dólar comercial tinha baixa de 0,47% a R$ na venda.As '
             'ações da Azul (AZUL4) operavam no positivo neste começo de tarde '
             'após a informação da agência Dow Jones de que a companhia está '
             'em negociações com credores da Latam Airlines para tentar '
             'convencer a rival a vender sua operação no Brasil. Às 13h10 '
             'subiam mais de 2% os papéis AZUL4.As ações da Sabesp (SBSP3) '
             'tiveram uma forte alta após às 10h40. Às 13h05 subiam +10%. O '
             'deputado federal Rodrigo Maia (sem partido) foi nomeado '
             'secretário de Projetos e Ações Estratégicas do estado de São '
             'Paulo. Ao ser questionado sobre as primeiras ações como '
             'secretário, Maia disse que ainda está estudando a pasta, mas que '
             'pretende focar na Sabesp. Sua prioridade é a privatização da '
             'Sabesp, ressaltou.Em junho deste ano foi divulgada a informação '
             'de que o governo de SP pretendia contratar o International '
             'Finance Corporation (IFC) para avaliar as duas opções de '
             'desestatização da empresa: uma capitalização, mas sem perda de '
             'controle acionário do governo, ou uma privatização de fato.O '
             'mercado repercute a informação de que o  (AALR3).Para a '
             'corretora Guide, o movimento deve diminuir significativamente a '
             'chance da Rede D’Or (RDOR3) fazer uma outra proposta pela '
             'Alliar, em virtude do alto valor que deveria pagar pelo '
             'controle, após operação realizada por Nelson Tanure. “Portanto '
             'acreditamos que o grupo hospitalar deva buscar outras '
             'oportunidades em sua estratégia de crescimento inorgânica”, '
             'destaca um relatório assinado pelo analista Luis Sales.A Rede '
             'D’Or informou nesta sexta, 20, que concluiu a aquisição da '
             'participação de 20% do capital social do Hospital Aliança, '
             'tornando-se titular de 100% do Hospital Aliança, em Salvador.A '
             'participação societária de 20% do Hospital Aliança foi comprada '
             'pelo preço de R$ 350 milhões. Deste modo, o valor pago pela '
             'totalidade das ações representativas do capital social do '
             'Hospital Aliança foi de R$ 1,150 bilhão. A previsão de receita '
             'para o Hospital Aliança no ano de 2022 é de R$ 700 milhões, com '
             'um EBITDA projetado de R$ 200 milhões.O BTG Pactual tem '
             'classificação de “compra” para a BR Malls (BRML3). Essa '
             'recomendação deve-se, principalmente, ao ‘valuation’ da '
             'companhia.O preço-alvo é de R$ 14. Leia a análise Depois da '
             'forte queda da véspera, as ações Vale (VALE3) operavam em alta '
             'de 0,5% às 13h10. O minério teve leve alta em Dalian, na China.O '
             'Itaú BBA elevou a classificação do Burger King Brasil (BKBR3) de '
             '‘market perform’ para ‘outperform’ (projeção de valorização '
             'acima da média do mercado). A alteração ocorre depois da '
             'correção recente de preços. O preço-alvo para 2022 é de R$ '
             '12,5. ',
 'title': 'Atualização das 13h15: Sabesp, Rede D’or, Azul e outros destaques',
 'url': 'https://financenews.com.br/2021/08/atualizacao-das-13h20-sabesp-rede-dor-azul-e-outros-destaques/'}
2021-08-22 10:29:23 [scrapy] DEBUG: Scraped from <200 https://financenews.com.br/2021/08/itau-assembleia-para-deliberar-incorporacao-da-xpart-pela-xp-sera-em-outubro/>
{'conteudo': 'O Itaú (ITUB4) informou na noite de sexta, 20, que a assembleia '
             'para deliberar incorporação da XPart pela XP será em 1 de '
             'outubro deste ano. A seguir leia a íntegra do comunicado do Itaú '
             'ao mercado:',
 'title': 'Itaú: assembleia para deliberar incorporação da XPart pela XP será '
          'em outubro\xa0',
 'url': 'https://financenews.com.br/2021/08/itau-assembleia-para-deliberar-incorporacao-da-xpart-pela-xp-sera-em-outubro/'}
2021-08-22 10:29:23 [scrapy] DEBUG: Crawled (200) <GET https://financenews.com.br/2021/08/fundo-soberano-de-cingapura-eleva-participacao-no-banco-pan/> (referer: https://financenews.com.br/category/nao-deixe-de-ler/)
2021-08-22 10:29:23 [scrapy] DEBUG: Crawled (200) <GET https://financenews.com.br/2021/08/braskem-esclarece-noticia-sobre-oferta-publica-de-acoes/> (referer: https://financenews.com.br/category/nao-deixe-de-ler/)
2021-08-22 10:29:23 [scrapy] DEBUG: Crawled (200) <GET https://financenews.com.br/2021/08/7-links-com-analises-de-empresas-da-bolsa/> (referer: https://financenews.com.br/category/nao-deixe-de-ler/)
2021-08-22 10:29:23 [scrapy] INFO: Closing spider (1000 news)
2021-08-22 10:29:23 [scrapy] DEBUG: Crawled (200) <GET https://financenews.com.br/2021/08/guide-ve-como-positiva-reestruturacao-da-gerdau-no-mexico/> (referer: https://financenews.com.br/category/nao-deixe-de-ler/page/2/)
2021-08-22 10:29:23 [scrapy] DEBUG: Crawled (200) <GET https://financenews.com.br/2021/08/btg-tem-recomendacao-de-compra-para-br-malls-leia-a-analise/> (referer: https://financenews.com.br/category/nao-deixe-de-ler/page/2/)
2021-08-22 10:29:23 [scrapy] DEBUG: Crawled (200) <GET https://financenews.com.br/2021/08/maia-assume-sabesp-dispara/> (referer: https://financenews.com.br/category/nao-deixe-de-ler/page/2/)
2021-08-22 10:29:23 [scrapy] DEBUG: Crawled (200) <GET https://financenews.com.br/category/nao-deixe-de-ler/page/4/> (referer: https://financenews.com.br/category/nao-deixe-de-ler/page/3/)
2021-08-22 10:29:24 [scrapy] DEBUG: Crawled (200) <GET https://financenews.com.br/2021/08/a-avaliacao-para-a-cyrela-eztec-trisul-tecnisa-e-lavvi/> (referer: https://financenews.com.br/category/nao-deixe-de-ler/page/2/)
2021-08-22 10:29:24 [scrapy] DEBUG: Crawled (200) <GET https://financenews.com.br/2021/08/maiores-altas-e-quedas-do-ibovespa-na-semana-27/> (referer: https://financenews.com.br/category/nao-deixe-de-ler/page/2/)
2021-08-22 10:29:24 [scrapy] DEBUG: Crawled (200) <GET https://financenews.com.br/2021/08/assista-a-analise-do-ibovespa-petr4-vale3-bbas3-abev3-e-de-wege3/> (referer: https://financenews.com.br/category/nao-deixe-de-ler/page/2/)
2021-08-22 10:29:24 [scrapy] DEBUG: Crawled (200) <GET https://financenews.com.br/2021/08/eztec-vai-recomprar-ate-5-milhoes-de-acoes/> (referer: https://financenews.com.br/category/nao-deixe-de-ler/page/2/)
2021-08-22 10:29:24 [scrapy] DEBUG: Crawled (200) <GET https://financenews.com.br/2021/08/ibovespa-fecha-em-alta-de-076-na-semana-caiu-259/> (referer: https://financenews.com.br/category/nao-deixe-de-ler/page/2/)
2021-08-22 10:29:24 [scrapy] DEBUG: Crawled (200) <GET https://financenews.com.br/2021/08/sp-eleva-rating-nacional-da-cvc/> (referer: https://financenews.com.br/category/nao-deixe-de-ler/page/3/)
2021-08-22 10:29:24 [scrapy] DEBUG: Crawled (200) <GET https://financenews.com.br/2021/08/petroleo-minerio-bitcoin-noticias-corporativas-e-mercados-nesta-sexta/> (referer: https://financenews.com.br/category/nao-deixe-de-ler/page/3/)
2021-08-22 10:29:24 [scrapy] DEBUG: Crawled (200) <GET https://financenews.com.br/2021/08/morgan-stanley-reduz-participacao-na-mrv/> (referer: https://financenews.com.br/category/nao-deixe-de-ler/page/2/)
2021-08-22 10:29:25 [scrapy] DEBUG: Crawled (200) <GET https://financenews.com.br/2021/08/copasa-vai-emitir-r-750-milhoes-em-debentures/> (referer: https://financenews.com.br/category/nao-deixe-de-ler/page/3/)
2021-08-22 10:29:25 [scrapy] DEBUG: Crawled (200) <GET https://financenews.com.br/2021/08/fras-le-lanca-fras-le-smart-composites/> (referer: https://financenews.com.br/category/nao-deixe-de-ler/page/3/)
2021-08-22 10:29:25 [scrapy] DEBUG: Crawled (200) <GET https://financenews.com.br/2021/08/noticias-corporativas-da-noite-desta-quinta-19/> (referer: https://financenews.com.br/category/nao-deixe-de-ler/page/3/)
2021-08-22 10:29:25 [scrapy] DEBUG: Crawled (200) <GET https://financenews.com.br/2021/08/a-receita-liquida-da-randon-em-julho/> (referer: https://financenews.com.br/category/nao-deixe-de-ler/page/3/)
2021-08-22 10:29:25 [scrapy] INFO: Dumping Scrapy stats:
{'downloader/request_bytes': 11047,
 'downloader/request_count': 31,
 'downloader/request_method_count/GET': 31,
 'downloader/response_bytes': 693256,
 'downloader/response_count': 31,
 'downloader/response_status_count/200': 31,
 'elapsed_time_seconds': 5.290467,
 'finish_reason': '1000 news',
 'finish_time': datetime.datetime(2021, 8, 22, 13, 29, 25, 392494),
 'item_scraped_count': 5,
 'log_count/DEBUG': 36,
 'log_count/INFO': 7,
 'request_depth_max': 4,
 'response_received_count': 31,
 'robotstxt/request_count': 1,
 'robotstxt/response_count': 1,
 'robotstxt/response_status_count/200': 1,
 'scheduler/dequeued': 30,
 'scheduler/dequeued/memory': 30,
 'scheduler/enqueued': 45,
 'scheduler/enqueued/memory': 45,
 'start_time': datetime.datetime(2021, 8, 22, 13, 29, 20, 102027)}
2021-08-22 10:29:25 [scrapy] INFO: Spider closed (1000 news)
