2021-08-22 16:28:41 [scrapy] DEBUG: Crawled (200) <GET https://financenews.com.br/robots.txt> (referer: None)
2021-08-22 16:28:42 [scrapy] DEBUG: Crawled (200) <GET https://financenews.com.br/category/nao-deixe-de-ler/> (referer: None)
2021-08-22 16:28:42 [scrapy] DEBUG: Crawled (200) <GET https://financenews.com.br/category/nao-deixe-de-ler/page/2/> (referer: https://financenews.com.br/category/nao-deixe-de-ler/)
2021-08-22 16:28:43 [scrapy] DEBUG: Crawled (200) <GET https://financenews.com.br/2021/08/braskem-esclarece-noticia-sobre-oferta-publica-de-acoes/> (referer: https://financenews.com.br/category/nao-deixe-de-ler/)
2021-08-22 16:28:43 [scrapy] DEBUG: Crawled (200) <GET https://financenews.com.br/2021/08/noticias-corporativas-da-noite-desta-sexta-20/> (referer: https://financenews.com.br/category/nao-deixe-de-ler/)
2021-08-22 16:28:43 [scrapy] DEBUG: Crawled (200) <GET https://financenews.com.br/2021/08/itau-assembleia-para-deliberar-incorporacao-da-xpart-pela-xp-sera-em-outubro/> (referer: https://financenews.com.br/category/nao-deixe-de-ler/)
2021-08-22 16:28:43 [scrapy] DEBUG: Scraped from <200 https://financenews.com.br/2021/08/braskem-esclarece-noticia-sobre-oferta-publica-de-acoes/>
{'conteudo': 'A Braskem (BRKM5) prestou esclarecimentos na noite desta '
             'sexta-feira, 20, após notícia veiculada na mídia a respeito de '
             'oferta pública de ações da companhia como uma possível '
             'estratégia de saída dos acionistas.A Braskem afirmou que “não '
             'tem conhecimento das informações constantes em referida notícia '
             'e, conforme mencionado em outras oportunidades, não é parte de '
             'eventuais discussões de seus acionistas sobre a venda das suas '
             'participações acionárias”.A agência de notícias Bloomberg '
             'informou no dia 19 de agosto que uma oferta pública de ações '
             'está de volta como uma possível estratégia de saída dos '
             'acionistas controladores da petroquímica. A Braskem também '
             'informou no comunicado enviado ao mercado após o pregão desta '
             'sexta-feira, que solicitou esclarecimentos aos seus acionistas '
             'Novonor e Petrobras sobre a notícia.A Novonor (antiga Odebrecht) '
             'afirmou: “a Novonor está considerando uma potencial transação '
             'envolvendo a participação da Novonor S.A. na Braskem e, nesse '
             'contexto está avaliando potenciais estruturas para tal '
             'transação. No entanto, não há elementos suficientes para '
             'assegurar a concretização de qualquer transação e tampouco foi '
             'definida qualquer estrutura para tanto. Desta forma, no momento, '
             'não há qualquer informação adicional a ser prestada sobre o '
             'tema.”Já a Petrobras destacou: “a Petrobras esclarece que não há '
             'qualquer definição ou decisão sobre a forma de alienação da sua '
             'parte na Braskem, sendo importante ressaltar que, conforme '
             'informado em 09/08/2021, contratou o JP Morgan para '
             'assessoramento financeiro da eventual e futura transação '
             'referente à sua participação na companhia.”',
 'title': 'Braskem esclarece notícia sobre oferta pública de ações',
 'url': 'https://financenews.com.br/2021/08/braskem-esclarece-noticia-sobre-oferta-publica-de-acoes/'}
2021-08-22 16:28:43 [scrapy] DEBUG: Scraped from <200 https://financenews.com.br/2021/08/itau-assembleia-para-deliberar-incorporacao-da-xpart-pela-xp-sera-em-outubro/>
{'conteudo': 'O Itaú (ITUB4) informou na noite de sexta, 20, que a assembleia '
             'para deliberar incorporação da XPart pela XP será em 1 de '
             'outubro deste ano. A seguir leia a íntegra do comunicado do Itaú '
             'ao mercado:',
 'title': 'Itaú: assembleia para deliberar incorporação da XPart pela XP será '
          'em outubro\xa0',
 'url': 'https://financenews.com.br/2021/08/itau-assembleia-para-deliberar-incorporacao-da-xpart-pela-xp-sera-em-outubro/'}
2021-08-22 16:28:43 [scrapy] DEBUG: Crawled (200) <GET https://financenews.com.br/2021/08/oceanpact-contrata-bancos-para-captacao-de-ate-r-420-milhoes/> (referer: https://financenews.com.br/category/nao-deixe-de-ler/)
2021-08-22 16:28:43 [scrapy] DEBUG: Crawled (200) <GET https://financenews.com.br/2021/08/fundo-soberano-de-cingapura-eleva-participacao-no-banco-pan/> (referer: https://financenews.com.br/category/nao-deixe-de-ler/)
2021-08-22 16:28:43 [scrapy] DEBUG: Crawled (200) <GET https://financenews.com.br/2021/08/sp-revisa-para-positiva-perspectiva-dos-ratings-da-iochpe-maxion/> (referer: https://financenews.com.br/category/nao-deixe-de-ler/)
2021-08-22 16:28:43 [scrapy] DEBUG: Crawled (200) <GET https://financenews.com.br/2021/08/armac-compra-rental-company-do-brasil/> (referer: https://financenews.com.br/category/nao-deixe-de-ler/)
2021-08-22 16:28:43 [scrapy] DEBUG: Scraped from <200 https://financenews.com.br/2021/08/oceanpact-contrata-bancos-para-captacao-de-ate-r-420-milhoes/>
{'conteudo': 'A Oceanpact Serviços Marítimos (OPCT3) informou na noite desta '
             'sexta, 20, que engajou o Banco Itaú BBA, o Banco Bradesco BBI, o '
             'Banco ABC Brasil e o Banco Votorantim para atuarem, em conjunto, '
             'como coordenadores, sendo o Itaú BBA o coordenador líder da '
             'operação, no âmbito de potencial captação de recursos no mercado '
             'local de renda fixa no valor total de até R$ 420 milhões. “Caso '
             'a potencial captação seja realizada, esta será conduzida em '
             'conformidade com a legislação e a regulamentação aplicáveis e os '
             'recursos obtidos poderão ser aplicados da seguinte forma: a '
             'compra de embarcação e robôs submarinos; e a otimização da '
             'estrutura de capital da companhia, incluindo o pré-pagamento de '
             'dívida existente”, explicou a Oceanpact em um fato relevante.  A '
             'empresa afirmou que a potencial captação, caso concluída, poderá '
             'ser garantida por bens e/ou ativos de sua propriedade. A '
             'operação está sujeita, ainda, às condições do mercado de '
             'capitais brasileiro, às aprovações societárias necessárias da '
             'Companhia, à celebração dos contratos definitivos, à conclusão '
             'satisfatória dos procedimentos usuais em operações análogas, ao '
             'cumprimento de demais condições precedentes da operação, dentre '
             'outros fatores alheios à vontade da companhia.',
 'title': 'Oceanpact contrata bancos para captação de até R$ 420 milhões',
 'url': 'https://financenews.com.br/2021/08/oceanpact-contrata-bancos-para-captacao-de-ate-r-420-milhoes/'}
2021-08-22 16:28:43 [scrapy] DEBUG: Crawled (200) <GET https://financenews.com.br/2021/08/7-links-com-analises-de-empresas-da-bolsa/> (referer: https://financenews.com.br/category/nao-deixe-de-ler/)
2021-08-22 16:28:43 [scrapy] DEBUG: Crawled (200) <GET https://financenews.com.br/2021/08/10-perguntas-e-respostas-sobre-a-queda-da-bolsa/> (referer: https://financenews.com.br/category/nao-deixe-de-ler/)
2021-08-22 16:28:43 [scrapy] DEBUG: Crawled (200) <GET https://financenews.com.br/category/nao-deixe-de-ler/page/3/> (referer: https://financenews.com.br/category/nao-deixe-de-ler/page/2/)
2021-08-22 16:28:43 [scrapy] DEBUG: Crawled (200) <GET https://financenews.com.br/2021/08/btg-tem-recomendacao-de-compra-para-br-malls-leia-a-analise/> (referer: https://financenews.com.br/category/nao-deixe-de-ler/page/2/)
2021-08-22 16:28:43 [scrapy] DEBUG: Crawled (200) <GET https://financenews.com.br/2021/08/maia-assume-sabesp-dispara/> (referer: https://financenews.com.br/category/nao-deixe-de-ler/page/2/)
2021-08-22 16:28:43 [scrapy] DEBUG: Crawled (200) <GET https://financenews.com.br/2021/08/atualizacao-das-13h20-sabesp-rede-dor-azul-e-outros-destaques/> (referer: https://financenews.com.br/category/nao-deixe-de-ler/page/2/)
2021-08-22 16:28:43 [scrapy] DEBUG: Scraped from <200 https://financenews.com.br/2021/08/10-perguntas-e-respostas-sobre-a-queda-da-bolsa/>
{'conteudo': 'A queda ocorre devido a fatores externos e internos. Entre os '
             'fatores externos estão o avanço da variante delta do '
             'coronavírus, que ameaça a retomada da economia no mundo e '
             'pressiona as commodities, como petróleo e minério de ferro. A '
             'pressão regulatória do governo da China também ajuda a derrubar '
             'o preço do minério e do aço. Entre os fatores internos estão '
             'aumento do risco fiscal em meio a ruídos políticos no Brasil '
             '(tensão entre os Poderes); alta dos juros, e estimativa de '
             'redução da atividade econômica para 2022. Além disso, não foi '
             'bem recebida a proposta de reforma do Imposto de Renda, o que '
             'penalizou empresas boa pagadoras de proventos. No momento, '
             'analistas avaliam que, com a alta persistente da inflação, o '
             'governo será obrigado a gastar ainda mais do que se previa. Isso '
             'em meio ao risco de ter que pagar precatórios bilionários e às '
             'vésperas de um ano eleitoral, quando as chances de medidas '
             'populistas aumentam. A percepção do risco de que seja furado o '
             'teto de gastos se eleva. Vale lembrar que o teto é a barreira '
             'constitucional que limita o endividamento federal de longo '
             'prazo.Tudo isso se traduz em algo que grandes players do mercado '
             'não gostam: incerteza.Quanto maior a incerteza, maior é o prêmio '
             'exigido pelo mercado para investir. Ou seja: maior é o juro '
             'exigido. Por isso que a taxa de juros pré-fixada de 10 anos teve '
             'forte alta nas últimas semanas no Brasil, o que não vem '
             'ocorrendo com outros países emergentes.Para se ter uma ideia, a '
             'taxa de um título do tesouro chamado de NTN-B 2050 se aproxima '
             'do patamar registrado no pior momento da pandemia, isto é, '
             'quando houve um momento de grande incerteza.Os analistas ouvidos '
             'pelo Finance News apontam que nosso país é um dos poucos a ver '
             'uma elevação acentuada do juro de longo prazo. Isso tem um '
             'impacto direto em ativos de risco, como é o caso das ações. '
             'Nesse cenário, grandes investidores tendem a mirar mais em '
             'ativos atrelados a juros e ter menor exposição à Bolsa.A '
             'elevação dos gastos no Brasil sem uma contrapartida e a retirada '
             'dos estímulos pelo Banco Central americano são citados como os '
             'principais, além de outros. A redução dos estímulos, importantes '
             'durante a crise provocada pela pandemia, pelo Banco Central '
             'americano leva à redução da liquidez pelo mundo. Menos dinheiro '
             'à disposição tende a gerar um movimento de busca por locais mais '
             'seguros para investir, como países ricos. O capital especulativo '
             'de sobra inflou o preço de muitas ações na Bolsa brasileira e na '
             'de muitos países.É importante também entender outra medida do '
             'Banco Central dos EUA que pode impactar nosso mercado: a '
             'elevação dos juros americanos. Embora ainda não seja uma '
             'preocupação de agora (o mercado está mais atento à redução dos '
             'estímulos), esse tema deve ganhar relevância nos próximos '
             'trimestres. A alta dos juros americanos retira dinheiro dos '
             'emergentes, faz o dólar subir e provoca alta da inflação.De '
             'fato, os resultados do segundo trimestre deste ano mostraram que '
             'muitas empresas com ações negociadas na B3 voltaram a ter bons '
             'níveis de rentabilidade, o que acaba tornando indicadores '
             'financeiros e operacionais das suas ações ainda interessantes.No '
             'entanto, entre as sinalizações dos balanços do segundo trimestre '
             'das companhias e as projeções do que está por vir, o mercado, '
             'nesse momento, tem dado maior ênfase nos próximos trimestres, '
             'precificando agora um cenário mais adverso nos próximos '
             'trimestres.Analistas afirmam ainda que é preciso entender que a '
             'base de comparação ajudou muitas empresas. Houve companhias que '
             'reverteram o prejuízo em relação ao 2T20. Só que no segundo '
             'trimestre de 2020, vale lembrar, a grande maioria das empresas '
             'sofreu com o impacto do fechamento da economia devido à '
             'pandemia.Nesse ponto especialistas se dividem. Alguns acreditam '
             'que as ações estão baratas e a queda do Ibovespa é uma '
             'oportunidade para comprar papéis de companhias com bons '
             'fundamentos, boa gestão e de setores promissores. Outros '
             'acreditam que muitos papéis podem cair mais já que subiram em '
             'função de uma estimativa de crescimento da economia bem maior do '
             'que as projeções atuais. Todos são unânimes em afirmar que os '
             'investidores agora terão que ser mais seletivos e estar '
             'posicionados em companhias com boas perspectivas de resultados '
             'mesmo diante do cenário mais desafiador e resilientes ao cenário '
             'macroeconômico.',
 'title': '10 perguntas (e respostas) sobre a queda da Bolsa\xa0',
 'url': 'https://financenews.com.br/2021/08/10-perguntas-e-respostas-sobre-a-queda-da-bolsa/'}
2021-08-22 16:28:43 [scrapy] DEBUG: Crawled (200) <GET https://financenews.com.br/2021/08/guide-ve-como-positiva-reestruturacao-da-gerdau-no-mexico/> (referer: https://financenews.com.br/category/nao-deixe-de-ler/page/2/)
2021-08-22 16:28:43 [scrapy] DEBUG: Crawled (200) <GET https://financenews.com.br/2021/08/pf-cumpriu-mandado-de-busca-e-apreensao-em-unidade-da-minerva/> (referer: https://financenews.com.br/category/nao-deixe-de-ler/)
2021-08-22 16:28:43 [scrapy] DEBUG: Scraped from <200 https://financenews.com.br/2021/08/btg-tem-recomendacao-de-compra-para-br-malls-leia-a-analise/>
{'conteudo': 'O BTG Pactual tem classificação de “compra” para a BR Malls '
             '(BRML3). Essa recomendação deve-se, principalmente, ao '
             '‘valuation’ da companhia.O preço-alvo é de R$ 14. A BR Malls é a '
             'maior empresa de shoppings da américa latina, com participação '
             'em 39 shopping centers, e foi duramente afetada pela '
             'pandemia.Além do valuation, a equipe do banco ressalta outro '
             'motivo para a recomendação de compra: “seu portfólio está se '
             'recuperando praticamente em linha com seus pares – ou seja, uma '
             'vez que as restrições às operações dos shoppings foram '
             'atenuadas, o tráfego de pedestres e as vendas se recuperaram '
             'bem. Isso deve continuar no 2S21 já que o Brasil finalmente está '
             'voltando ao normal, com um ritmo de vacinação mais acelerado”, '
             'destaca em relatório.O time de analistas avalia que os '
             'resultados do segundo trimestre foram fracos. O Ebitda ajustado '
             'totalizou R$ 139 milhões, 11% abaixo da previsão do BTG, com '
             'margem fraca de 53%, 10 p.p. abaixo da estimativa, fortemente '
             'impactado por maiores despesas com PDD (relacionadas à '
             'inadimplência de lojistas).“O principal destaque negativo foi a '
             'inadimplência de 18% (bem acima dos pares), que gerou altos '
             'gastos com PDD e perda de Ebitda no 2T21”, escrevem os '
             'analistas.Para quem quer investir na companhia é importante '
             'ficar atento aos riscos a que está exposta. O BTG destaca '
             'mudanças na atividade econômica, que poderiam impactar a taxa de '
             'ocupação dos shoppings; maiores taxas de juros e menor '
             'disponibilidade de capital; pagamento excessivo em aquisições, '
             'entre outros. ',
 'title': 'BTG tem recomendação de ‘compra’ para BR Malls. Leia a análise',
 'url': 'https://financenews.com.br/2021/08/btg-tem-recomendacao-de-compra-para-br-malls-leia-a-analise/'}
2021-08-22 16:28:43 [scrapy] DEBUG: Scraped from <200 https://financenews.com.br/2021/08/maia-assume-sabesp-dispara/>
{'conteudo': 'As ações da Sabesp (SBSP3) dispararam nesta manhã e chegaram a '
             'entrar em leilão. Às 11h45 subiam +13%.O deputado federal '
             'Rodrigo Maia (sem partido) foi nomeado secretário de Projetos e '
             'Ações Estratégicas do estado de São Paulo. Ao ser questionado '
             'sobre as primeiras ações como secretário, Maia disse que ainda '
             'está estudando a pasta, mas que pretende focar na Sabesp. Ele '
             'ressaltou que considera simbólico organizar a privatização da '
             'companhia.O parlamentar assumiu o cargo em cerimônia no Palácio '
             'dos Bandeirantes, na Zona Sul da capital, na manhã desta '
             'sexta-feira.Em junho deste ano foi divulgada a informação de que '
             'o governo de SP pretendia contratar o International Finance '
             'Corporation (IFC) para avaliar as duas opções de desestatização '
             'da empresa: uma capitalização, mas sem perda de controle '
             'acionário do governo, ou uma privatização de fato.',
 'title': 'Maia assume, Sabesp dispara',
 'url': 'https://financenews.com.br/2021/08/maia-assume-sabesp-dispara/'}
2021-08-22 16:28:43 [scrapy] DEBUG: Scraped from <200 https://financenews.com.br/2021/08/atualizacao-das-13h20-sabesp-rede-dor-azul-e-outros-destaques/>
{'conteudo': 'Às 13h10 o Ibovespa tinha alta de 0,30% aos 117.479 pontos. Na '
             'semana, caminha para fechar com desvalorização de -3%.A queda '
             'semanal ocorre diante do avanço da variante delta do '
             'coronavírus, que ameaça a retomada da economia no mundo e '
             'pressiona as commodities, a pressão regulatória do governo da '
             'China e as incertezas associadas, e o risco fiscal em meio à '
             'ruídos políticos no Brasil.O dólar comercial virou para queda. '
             'Às 13h09 o dólar comercial tinha baixa de 0,47% a R$ na venda.As '
             'ações da Azul (AZUL4) operavam no positivo neste começo de tarde '
             'após a informação da agência Dow Jones de que a companhia está '
             'em negociações com credores da Latam Airlines para tentar '
             'convencer a rival a vender sua operação no Brasil. Às 13h10 '
             'subiam mais de 2% os papéis AZUL4.As ações da Sabesp (SBSP3) '
             'tiveram uma forte alta após às 10h40. Às 13h05 subiam +10%. O '
             'deputado federal Rodrigo Maia (sem partido) foi nomeado '
             'secretário de Projetos e Ações Estratégicas do estado de São '
             'Paulo. Ao ser questionado sobre as primeiras ações como '
             'secretário, Maia disse que ainda está estudando a pasta, mas que '
             'pretende focar na Sabesp. Sua prioridade é a privatização da '
             'Sabesp, ressaltou.Em junho deste ano foi divulgada a informação '
             'de que o governo de SP pretendia contratar o International '
             'Finance Corporation (IFC) para avaliar as duas opções de '
             'desestatização da empresa: uma capitalização, mas sem perda de '
             'controle acionário do governo, ou uma privatização de fato.O '
             'mercado repercute a informação de que o  (AALR3).Para a '
             'corretora Guide, o movimento deve diminuir significativamente a '
             'chance da Rede D’Or (RDOR3) fazer uma outra proposta pela '
             'Alliar, em virtude do alto valor que deveria pagar pelo '
             'controle, após operação realizada por Nelson Tanure. “Portanto '
             'acreditamos que o grupo hospitalar deva buscar outras '
             'oportunidades em sua estratégia de crescimento inorgânica”, '
             'destaca um relatório assinado pelo analista Luis Sales.A Rede '
             'D’Or informou nesta sexta, 20, que concluiu a aquisição da '
             'participação de 20% do capital social do Hospital Aliança, '
             'tornando-se titular de 100% do Hospital Aliança, em Salvador.A '
             'participação societária de 20% do Hospital Aliança foi comprada '
             'pelo preço de R$ 350 milhões. Deste modo, o valor pago pela '
             'totalidade das ações representativas do capital social do '
             'Hospital Aliança foi de R$ 1,150 bilhão. A previsão de receita '
             'para o Hospital Aliança no ano de 2022 é de R$ 700 milhões, com '
             'um EBITDA projetado de R$ 200 milhões.O BTG Pactual tem '
             'classificação de “compra” para a BR Malls (BRML3). Essa '
             'recomendação deve-se, principalmente, ao ‘valuation’ da '
             'companhia.O preço-alvo é de R$ 14. Leia a análise Depois da '
             'forte queda da véspera, as ações Vale (VALE3) operavam em alta '
             'de 0,5% às 13h10. O minério teve leve alta em Dalian, na China.O '
             'Itaú BBA elevou a classificação do Burger King Brasil (BKBR3) de '
             '‘market perform’ para ‘outperform’ (projeção de valorização '
             'acima da média do mercado). A alteração ocorre depois da '
             'correção recente de preços. O preço-alvo para 2022 é de R$ '
             '12,5. ',
 'title': 'Atualização das 13h15: Sabesp, Rede D’or, Azul e outros destaques',
 'url': 'https://financenews.com.br/2021/08/atualizacao-das-13h20-sabesp-rede-dor-azul-e-outros-destaques/'}
2021-08-22 16:28:43 [scrapy] DEBUG: Scraped from <200 https://financenews.com.br/2021/08/guide-ve-como-positiva-reestruturacao-da-gerdau-no-mexico/>
{'conteudo': 'Em um relatório assinado pelo analista Luis Sales, a corretora '
             'Guide avalia como positiva a reestruturação da Gerdau no '
             'México.“Vemos a notícia com bons olhos pela reestruturação da '
             'Gerdau no México, unificando três empresas em uma, o que tende a '
             'tornar mais eficiente a gestão, através de redução de custos e '
             'ganhos operacionais”, destaca o relatório.A reestruturação '
             'envolve a subsidiária Sidertúl e as suas sociedades Aceros Corsa '
             'e Gerdau Corsa em parceria com o Grupo Córdova. As três '
             'companhias, todas localizadas no México, se fundirão e se '
             'tornarão uma só.“Como passo preliminar à incorporação, o Grupo '
             'Córdova adquirirá 16,84% do capital social da Sidertúl, pelo '
             'montante de US$ 32.500 mil, a fim de equalizar sua participação '
             'acionária no capital social da Gerdau Corsa, após a '
             'incorporação”, explicou a Gerdau. Como resultado, a Gerdau S.A. '
             'aumentará, indiretamente, a sua participação no capital social '
             'da Gerdau Corsa de 70% para 75%, mantendo-se o controle '
             'compartilhado da Gerdau Corsa com o Grupo Córdova. “A '
             'reorganização societária reforçará o compromisso das companhias '
             'com suas operações no México, geografia importante e estratégica '
             'dentro da sua visão de longo prazo”, afirmou a siderúrgica. A '
             'operação deve ser concluída no quarto trimestre de 2021, está '
             'condicionada à aprovação dos acionistas das sociedades '
             'envolvidas e da Comisión Federal de Competencia Económica – '
             'COFECE (o órgão de defesa da concorrência mexicano). ',
 'title': 'Guide vê como positiva reestruturação da Gerdau no México',
 'url': 'https://financenews.com.br/2021/08/guide-ve-como-positiva-reestruturacao-da-gerdau-no-mexico/'}
2021-08-22 16:28:43 [scrapy] DEBUG: Crawled (200) <GET https://financenews.com.br/2021/08/a-avaliacao-para-a-cyrela-eztec-trisul-tecnisa-e-lavvi/> (referer: https://financenews.com.br/category/nao-deixe-de-ler/page/2/)
2021-08-22 16:28:43 [scrapy] DEBUG: Scraped from <200 https://financenews.com.br/2021/08/pf-cumpriu-mandado-de-busca-e-apreensao-em-unidade-da-minerva/>
{'conteudo': 'A Minerva (BEEF3) informou após o pregão desta sexta-feira, 20, '
             'que a Polícia Federal realizou procedimento na unidade '
             'localizada em Palmeiras de Goiás, no estado de Goiás, no âmbito '
             'da fase inicial da operação “a Posteriori”, que apura supostas '
             'irregularidades envolvendo auditores fiscais federais '
             'agropecuários no período de 2018 a 2019. Os agentes cumpriram '
             'mandados de busca e apreensão.“O procedimento contou com total '
             'cooperação dos colaboradores da Minerva e a unidade Palmeiras de '
             'Goiás mantém suas atividades regulares”, afirmou a empresa. '
             'Ainda segundo a Minerva, não existe indiciamento ou denúncia '
             'contra a companhia, contra seus administradores ou qualquer de '
             'seus empregados ou colaboradores no âmbito da operação.',
 'title': 'PF cumpriu mandado de busca e apreensão em unidade da Minerva',
 'url': 'https://financenews.com.br/2021/08/pf-cumpriu-mandado-de-busca-e-apreensao-em-unidade-da-minerva/'}
2021-08-22 16:28:43 [scrapy] DEBUG: Crawled (200) <GET https://financenews.com.br/2021/08/maiores-altas-e-quedas-do-ibovespa-na-semana-27/> (referer: https://financenews.com.br/category/nao-deixe-de-ler/page/2/)
2021-08-22 16:28:43 [scrapy] DEBUG: Crawled (200) <GET https://financenews.com.br/2021/08/ibovespa-fecha-em-alta-de-076-na-semana-caiu-259/> (referer: https://financenews.com.br/category/nao-deixe-de-ler/page/2/)
2021-08-22 16:28:43 [scrapy] DEBUG: Scraped from <200 https://financenews.com.br/2021/08/a-avaliacao-para-a-cyrela-eztec-trisul-tecnisa-e-lavvi/>
{'conteudo': 'O BTG tem recomendação de “compra” para a ação CYRE3 com '
             'preço-alvo de R$ 37. Em um relatório divulgado na quinta, 19, '
             'seus analistas avaliam que os resultados da empresa no segundo '
             'trimestre foram “muito fortes” e superaram suas expectativas '
             'otimistas. “Embora os investidores estejam pessimistas em '
             'relação às perspectivas macro (taxas de juros mais altas, custos '
             'de materiais de construção em alta), a Cyrela parece muito bem '
             'posicionada (ótimo banco de terrenos, gestão de alto nível, '
             'operações bem administradas) para continuar apresentando '
             'resultados impressionantes (as margens do segundo trimestre '
             'foram prova disso)”, destaca o time de analistas do BTG no '
             'relatório.Também na véspera o BTG também emitiu avaliações sobre '
             'a Eztec, Trisul, Tecnisa e a Lavvi. Confira:Recomendação: '
             '“compra”Preço-alvo: R$ 47Recomendação: “compra”Preço-alvo: R$ '
             '15Recomendação: “compra”Preço-alvo: R$ 15Recomendação: '
             '“compra”Preço-alvo: R$ 12',
 'title': 'A avaliação para a Cyrela, Eztec, Trisul, Tecnisa e Lavvi',
 'url': 'https://financenews.com.br/2021/08/a-avaliacao-para-a-cyrela-eztec-trisul-tecnisa-e-lavvi/'}
2021-08-22 16:28:43 [scrapy] DEBUG: Crawled (200) <GET https://financenews.com.br/2021/08/assista-a-analise-do-ibovespa-petr4-vale3-bbas3-abev3-e-de-wege3/> (referer: https://financenews.com.br/category/nao-deixe-de-ler/page/2/)
2021-08-22 16:28:44 [scrapy] DEBUG: Crawled (200) <GET https://financenews.com.br/2021/08/morgan-stanley-reduz-participacao-na-mrv/> (referer: https://financenews.com.br/category/nao-deixe-de-ler/page/2/)
2021-08-22 16:28:44 [scrapy] DEBUG: Crawled (200) <GET https://financenews.com.br/2021/08/eztec-vai-recomprar-ate-5-milhoes-de-acoes/> (referer: https://financenews.com.br/category/nao-deixe-de-ler/page/2/)
2021-08-22 16:28:44 [scrapy] DEBUG: Scraped from <200 https://financenews.com.br/2021/08/ibovespa-fecha-em-alta-de-076-na-semana-caiu-259/>
{'conteudo': 'O Ibovespa fechou em alta de 0,76% aos 118.052 pontos. O volume '
             'financeiro negociado somou R$ 30,3 bilhões. Na semana o índice '
             'caiu 2,59%.O destaque de alta do pregão foi a Sabesp (SBSP3), '
             'que saltou +10% com o Rodrigo Maia, nomeado hoje secretário de '
             'Projetos e Ações Estratégicas do estado de São Paulo, afirmando '
             'que sua prioridade é a privatização da Sabesp.Nos EUA o Dow '
             'Jones fechou em alta de 0,65%, o S&P 500 de +0,81% e Nasdaq de '
             '+1,19%. ',
 'title': 'Ibovespa fecha em alta de 0,76%. Na semana caiu 2,59%',
 'url': 'https://financenews.com.br/2021/08/ibovespa-fecha-em-alta-de-076-na-semana-caiu-259/'}
2021-08-22 16:28:44 [scrapy] DEBUG: Crawled (200) <GET https://financenews.com.br/category/nao-deixe-de-ler/page/4/> (referer: https://financenews.com.br/category/nao-deixe-de-ler/page/3/)
2021-08-22 16:28:44 [scrapy] DEBUG: Scraped from <200 https://financenews.com.br/2021/08/assista-a-analise-do-ibovespa-petr4-vale3-bbas3-abev3-e-de-wege3/>
{'conteudo': 'Dalton Vieira faz a análise do Ibovespa, Winq21, Wdou21, Petr4, '
             'Vale3, Bbas3, Abev3 e de Wege3.Assista:',
 'title': 'Assista à análise do Ibovespa, Petr4, Vale3, Bbas3, Abev3 e de '
          'Wege3',
 'url': 'https://financenews.com.br/2021/08/assista-a-analise-do-ibovespa-petr4-vale3-bbas3-abev3-e-de-wege3/'}
2021-08-22 16:28:44 [scrapy] DEBUG: Scraped from <200 https://financenews.com.br/2021/08/morgan-stanley-reduz-participacao-na-mrv/>
{'conteudo': 'O Morgan Stanley reduziu participação na MRV (MRVE3). A '
             'informação foi divulgada após o pregão desta sexta, 20, pela '
             'construtora.O conjunto de fundos administrados e/ou geridos pelo '
             'Morgan Stanley passou a deter posição/exposição equivalente a '
             '4,9% das ações ordinárias de emissão da MRV (MRVE3).',
 'title': 'Morgan Stanley reduz participação na MRV',
 'url': 'https://financenews.com.br/2021/08/morgan-stanley-reduz-participacao-na-mrv/'}
2021-08-22 16:28:44 [scrapy] DEBUG: Scraped from <200 https://financenews.com.br/2021/08/eztec-vai-recomprar-ate-5-milhoes-de-acoes/>
{'conteudo': 'A Eztec (EZTC3) vai recomprar até 5.035.897 de ações ordinárias. '
             'Em um fato relevante divulgado nesta sexta, 20, depois do '
             'fechamento do mercado, a companhia anunciou que seu conselho de '
             'administração aprovou um programa de recompra de ações. O prazo '
             'para realização das operações começa em 23 de agosto de 2021 e o '
             'término será em 23 de fevereiro de 2022.Atualmente a companhia '
             'tem 100.717.936 (cem milhões, setecentas e dezessete mil, '
             'novecentas e trinta e seis) ações ordinárias em circulação no '
             'mercado.Com relação ao objetivo da operação, a Eztec afirmou: '
             '“adquirir ações de emissão da companhia para manutenção em '
             'tesouraria, com o objetivo de aplicar recursos disponíveis da '
             'companhia para maximizar a geração de valor para os acionistas, '
             'uma vez que, na visão da administração da companhia, o valor '
             'atual de suas ações não reflete o real valor dos seus ativos '
             'combinado com a perspectiva de rentabilidade e geração de '
             'resultados futuros”.',
 'title': 'Eztec vai recomprar até 5 milhões de ações\xa0',
 'url': 'https://financenews.com.br/2021/08/eztec-vai-recomprar-ate-5-milhoes-de-acoes/'}
2021-08-22 16:28:44 [scrapy] DEBUG: Crawled (200) <GET https://financenews.com.br/2021/08/copasa-vai-emitir-r-750-milhoes-em-debentures/> (referer: https://financenews.com.br/category/nao-deixe-de-ler/page/3/)
2021-08-22 16:28:44 [scrapy] DEBUG: Crawled (200) <GET https://financenews.com.br/2021/08/fras-le-lanca-fras-le-smart-composites/> (referer: https://financenews.com.br/category/nao-deixe-de-ler/page/3/)
2021-08-22 16:28:44 [scrapy] DEBUG: Crawled (200) <GET https://financenews.com.br/2021/08/sp-eleva-rating-nacional-da-cvc/> (referer: https://financenews.com.br/category/nao-deixe-de-ler/page/3/)
2021-08-22 16:28:44 [scrapy] DEBUG: Crawled (200) <GET https://financenews.com.br/2021/08/noticias-corporativas-da-noite-desta-quinta-19/> (referer: https://financenews.com.br/category/nao-deixe-de-ler/page/3/)
2021-08-22 16:28:44 [scrapy] DEBUG: Scraped from <200 https://financenews.com.br/2021/08/sp-eleva-rating-nacional-da-cvc/>
{'conteudo': 'A agência de classificação de risco S&P, uma das principais do '
             'mundo, elevou a nota de emissor e de emissão nacional da CVC '
             '(CVCB3) de “brB” para “brBB”.A perspectiva é “estável”. A '
             'elevação ocorre após a operadora concluir um aumento de capital '
             'de R$ 453,7 milhões.',
 'title': 'S&P eleva rating nacional da CVC',
 'url': 'https://financenews.com.br/2021/08/sp-eleva-rating-nacional-da-cvc/'}
2021-08-22 16:28:44 [scrapy] DEBUG: Crawled (200) <GET https://financenews.com.br/2021/08/fundo-geridos-pela-3g-elevam-participacao-na-hermes-pardini/> (referer: https://financenews.com.br/category/nao-deixe-de-ler/page/3/)
2021-08-22 16:28:44 [scrapy] DEBUG: Crawled (200) <GET https://financenews.com.br/2021/08/a-receita-liquida-da-randon-em-julho/> (referer: https://financenews.com.br/category/nao-deixe-de-ler/page/3/)
2021-08-22 16:28:44 [scrapy] DEBUG: Crawled (200) <GET https://financenews.com.br/2021/08/petroleo-minerio-bitcoin-noticias-corporativas-e-mercados-nesta-sexta/> (referer: https://financenews.com.br/category/nao-deixe-de-ler/page/3/)
2021-08-22 16:28:44 [scrapy] DEBUG: Crawled (200) <GET https://financenews.com.br/2021/08/ibovespa-futuro-dolar-e-outros-destaques-68/> (referer: https://financenews.com.br/category/nao-deixe-de-ler/page/3/)
2021-08-22 16:28:44 [scrapy] DEBUG: Scraped from <200 https://financenews.com.br/2021/08/petroleo-minerio-bitcoin-noticias-corporativas-e-mercados-nesta-sexta/>
{'conteudo': 'China (Shanghai Comp.): -1,10% (pregão encerrado)Japão (Nikkei '
             '225): -0,98% (pregão encerrado)Hong Kong (Hang Seng): -1,84% '
             '(pregão encerrado)Alemanha (DAX): -0,45%Londres (FTSE 100): '
             '-0,17%Petróleo Brent: -0,63% (US$ 66,02). O brent é referência '
             'para a Petrobras.Petróleo WTI: -0,65% (US$ 63,09).Bitcoin '
             'futuro: +1,23% (US$ 47.245)O contrato futuro mais líquido do '
             'minério de ferro negociado na bolsa de Dalian, na China, teve '
             'alta de 0,25% cotado em 777 iuanes (US$ 119,6). A cotação em '
             'Dalian pode impactar os papéis da brasileira Vale (VALE3), CSN '
             '(CSNA3) e CSN Mineração (CMIN3). Esse dado foi obtido no link: '
             'Às 7h48 em Wall Street, o Dow Jones futuro operava em queda de '
             '0,40% e o S&P 500 futuro com desvalorização de 0,36%. Nasdaq '
             'futuro caía 0,22%.',
 'title': 'Petróleo, minério, bitcoin, notícias corporativas e mercados nesta '
          'sexta',
 'url': 'https://financenews.com.br/2021/08/petroleo-minerio-bitcoin-noticias-corporativas-e-mercados-nesta-sexta/'}
2021-08-22 16:28:44 [scrapy] DEBUG: Crawled (200) <GET https://financenews.com.br/2021/08/lojas-renner-tenta-restabelecer-o-e-commerce-apos-ataque-cibernetico/> (referer: https://financenews.com.br/category/nao-deixe-de-ler/page/3/)
2021-08-22 16:28:44 [scrapy] DEBUG: Crawled (200) <GET https://financenews.com.br/2021/08/rapidas-vale-gerdau-eternit-renner-burger-king-e-petrobras/> (referer: https://financenews.com.br/category/nao-deixe-de-ler/page/3/)
2021-08-22 16:28:44 [scrapy] DEBUG: Scraped from <200 https://financenews.com.br/2021/08/lojas-renner-tenta-restabelecer-o-e-commerce-apos-ataque-cibernetico/>
{'conteudo': 'A Lojas Renner (LREN3) informou nesta sexta-feira, 20, que as '
             'equipes permanecem trabalhando para restabelecer o e-commerce em '
             'breve. Na véspera a companhia informou que sofreu um ataque '
             'cibernético. Segundo a Renner, os principais bancos de dados '
             'permanecem preservados e as lojas físicas continuam abertas e '
             'operando. “A companhia continua atuando de forma diligente, com '
             'foco para mitigar os efeitos causados e manterá o mercado '
             'informado de qualquer informação relevante relacionada a este '
             'evento”, afirmou a Renner em um comunicado nesta manhã.',
 'title': 'Lojas Renner tenta restabelecer o e-commerce após ataque '
          'cibernético',
 'url': 'https://financenews.com.br/2021/08/lojas-renner-tenta-restabelecer-o-e-commerce-apos-ataque-cibernetico/'}
2021-08-22 16:28:44 [scrapy] DEBUG: Scraped from <200 https://financenews.com.br/2021/08/rapidas-vale-gerdau-eternit-renner-burger-king-e-petrobras/>
{'conteudo': 'Depois da forte queda da véspera, as ações Vale (VALE3) operavam '
             'no positivo neste começo de pregão. O minério teve leve alta em '
             'Dalian, na China.Com relação à Gerdau (GGBR4), o mercado '
             'repercute a notícia de que a siderúrgica O Itaú BBA elevou a '
             'classificação do Burger King Brasil (BKBR3) de ‘market perform’ '
             'para ‘outperform’ (projeção de valorização acima da média do '
             'mercado). A alteração ocorre depois da correção recente de '
             'preços. O preço-alvo para 2022 é de R$ 12,5. A Eternit (ETER3) '
             'disse que “está envidando todos os esforços necessários” para '
             'reverter a decisão que determinou a suspensão imediata da '
             'exploração de amianto crisotila em Minaçu, Goiás.A companhia '
             'afirmou que vai demonstrar a “regularidade” da sua operação. O '
             'Ministério Público Federal entrou na Justiça após a Eternit, '
             'empresa responsável pela mineradora Sama, retomar as atividades '
             'na região.A As ações caíam 0,95% às 10h34.As ações da Petrobras '
             '(PETR4) tinham queda com o barril do Brent operando em baixa. A '
             'petroleira estatal esclareceu nesta sexta, 20, que sua '
             'participação na Braskem (BRKM5) faz parte dos ativos '
             'contemplados em sua gestão de portfólio e que, conforme '
             'divulgado em 09/08/2021, contratou o JP Morgan para '
             'assessoramento financeiro da eventual e futura transação '
             'referente à sua participação na Braskem. A companhia reafirmou '
             'que ainda não há qualquer definição ou decisão sobre o '
             'assunto.Às 10h35 o Ibovespa tinha queda de 0,70% aos 116.420 '
             'pontos.  O avanço da variante delta do coronavírus, que ameaça a '
             'retomada da economia no mundo e pressiona as commodities, a '
             'pressão regulatória do governo da China e as incertezas '
             'associadas, e o risco fiscal em meio à ruídos políticos no '
             'Brasil, são alguns dos fatores que levam a baixa do principal '
             'índice acionário da B3. ',
 'title': 'Rápidas: Vale, Gerdau, Eternit, Renner, Burger King e Petrobras',
 'url': 'https://financenews.com.br/2021/08/rapidas-vale-gerdau-eternit-renner-burger-king-e-petrobras/'}
2021-08-22 16:28:44 [scrapy] DEBUG: Crawled (200) <GET https://financenews.com.br/2021/08/lojas-renner-sofre-ataque-cibernetico/> (referer: https://financenews.com.br/category/nao-deixe-de-ler/page/4/)
2021-08-22 16:28:44 [scrapy] DEBUG: Scraped from <200 https://financenews.com.br/2021/08/lojas-renner-sofre-ataque-cibernetico/>
{'conteudo': 'A Lojas Renner (LREN3) informou após o fechamento do pregão '
             'nesta quinta-feira, 19, que sofreu hoje um ataque cibernético em '
             'seu ambiente de tecnologia da informação.O ataque resultou em '
             'indisponibilidade em parte de seus sistemas e operação.A '
             'companhia informou que “prontamente acionou seus protocolos de '
             'controle e segurança para bloquear o ataque e minimizar '
             'eventuais impactos”. Em um comunicado ao mercado, a Renner '
             'destacou que está atuando de “forma diligente e com foco” para '
             'mitigar os efeitos causados, com a maior parte das operações já '
             'restabelecidas e tendo sido verificado que os principais bancos '
             'de dados permanecem preservados. “Cabe ressaltar que em nenhum '
             'momento as lojas físicas tiveram suas atividades interrompidas”, '
             'afirmou a varejista. A companhia salientou ainda que faz uso de '
             'tecnologias e padrões rígidos de segurança, e continuará '
             'aprimorando sua infraestrutura para incorporar cada vez mais '
             'protocolos de proteção de dados e sistemas. ',
 'title': 'Lojas Renner sofre ataque cibernético\xa0',
 'url': 'https://financenews.com.br/2021/08/lojas-renner-sofre-ataque-cibernetico/'}
2021-08-22 16:28:44 [scrapy] DEBUG: Crawled (200) <GET https://financenews.com.br/category/nao-deixe-de-ler/page/5/> (referer: https://financenews.com.br/category/nao-deixe-de-ler/page/4/)
2021-08-22 16:28:45 [scrapy] DEBUG: Crawled (200) <GET https://financenews.com.br/2021/08/cruzeiro-do-sul-educacional-leia-a-analise-para-acao-csed3/> (referer: https://financenews.com.br/category/nao-deixe-de-ler/page/4/)
2021-08-22 16:28:45 [scrapy] DEBUG: Crawled (200) <GET https://financenews.com.br/2021/08/tanure-tambem-quer-a-alliar-diz-site/> (referer: https://financenews.com.br/category/nao-deixe-de-ler/page/4/)
2021-08-22 16:28:45 [scrapy] DEBUG: Scraped from <200 https://financenews.com.br/2021/08/cruzeiro-do-sul-educacional-leia-a-analise-para-acao-csed3/>
{'conteudo': 'O BTG Pactual tem recomendação de “compra” para a ação da '
             'Cruzeiro do Sul Educacional (CSED3). O preço-alvo é de R$ 18. Em '
             'um relatório divulgado no começo desta semana o time de '
             'analistas do BTG avalia os resultados do segundo trimestre da '
             'companhia.“Embora os resultados do 2º trimestre não tenham nos '
             'surpreendido, eles foram muito consistentes e os resultados da '
             'Cruzeiro do Sul foram sólidos, mostrando resiliência de margem, '
             'expansão anual do EBITDA e um balanço patrimonial ainda '
             'robusto”, escreve. A equipe salienta que o ciclo de admissão do '
             'segundo semestre mostra indicadores positivos e uma recuperação '
             'no segmento presencial. “Negociando em um valuation atraente (~ '
             '10,5 x Preço/lucro ajustado em 2022), reiteramos nossa '
             'recomendação de compra na Cruzeiro do Sul, nossa escolha '
             'preferida em educação”, destaca no relatório.A Cruzeiro do Sul '
             'reportou um lucro líquido contábil de R$ 28 milhões contra '
             'prejuízo líquido de R$ 49 milhões no 2T20. O lucro líquido '
             'ajustado foi de R$ 45 milhões, um pouco abaixo da projeção do '
             'BTG de R$ 53 milhões. Antes de investir é importante entender os '
             'riscos a que uma empresa está exposta. O time do BTG acredita '
             'que os principais riscos para a Cruzeiro do Sul são: '
             'concorrência no segmento de EAD; baixa liquidez das ações; '
             'regulamentação e dependência relativamente alta de alguns '
             'cursos.Desde que estrearam na B3, em fevereiro deste ano, as '
             'ações da CSED3 acumulam perdas de 28%. Só neste mês de agosto, a '
             'queda é de 25%.',
 'title': 'Cruzeiro do Sul educacional: leia a análise para ação CSED3',
 'url': 'https://financenews.com.br/2021/08/cruzeiro-do-sul-educacional-leia-a-analise-para-acao-csed3/'}
2021-08-22 16:28:45 [scrapy] INFO: Closing spider (1000 news)
2021-08-22 16:28:45 [scrapy] DEBUG: Crawled (200) <GET https://financenews.com.br/2021/08/ibovespa-fecha-em-alta-de-045-dolar-vai-a-r-542/> (referer: https://financenews.com.br/category/nao-deixe-de-ler/page/4/)
2021-08-22 16:28:45 [scrapy] DEBUG: Crawled (200) <GET https://financenews.com.br/2021/08/atualizacao-das-15h-ibovespa-vira-para-alta/> (referer: https://financenews.com.br/category/nao-deixe-de-ler/page/4/)
2021-08-22 16:28:45 [scrapy] DEBUG: Crawled (200) <GET https://financenews.com.br/2021/08/gerdau-aprova-reorganizacao-societaria-no-mexico/> (referer: https://financenews.com.br/category/nao-deixe-de-ler/page/4/)
2021-08-22 16:28:45 [scrapy] DEBUG: Crawled (200) <GET https://financenews.com.br/2021/08/eletrobras-atualiza-valor-do-dividendo-que-sera-pago-dia-31/> (referer: https://financenews.com.br/category/nao-deixe-de-ler/page/4/)
2021-08-22 16:28:45 [scrapy] DEBUG: Crawled (200) <GET https://financenews.com.br/2021/08/jbs-ppc-fara-oferta-de-us-900-milhoes-em-notas-seniores/> (referer: https://financenews.com.br/category/nao-deixe-de-ler/page/4/)
2021-08-22 16:28:46 [scrapy] DEBUG: Crawled (200) <GET https://financenews.com.br/category/nao-deixe-de-ler/page/6/> (referer: https://financenews.com.br/category/nao-deixe-de-ler/page/5/)
2021-08-22 16:28:46 [scrapy] DEBUG: Crawled (200) <GET https://financenews.com.br/2021/08/fundo-gerido-pela-mam-de-tanure-compra-21-do-capital-total-da-alliar/> (referer: https://financenews.com.br/category/nao-deixe-de-ler/page/4/)
2021-08-22 16:28:46 [scrapy] DEBUG: Crawled (200) <GET https://financenews.com.br/2021/08/acoes-da-braskem-sobem-com-noticia/> (referer: https://financenews.com.br/category/nao-deixe-de-ler/page/4/)
2021-08-22 16:28:46 [scrapy] DEBUG: Crawled (200) <GET https://financenews.com.br/2021/08/ibovespa-futuro-dolar-e-outros-destaques-67/> (referer: https://financenews.com.br/category/nao-deixe-de-ler/page/5/)
2021-08-22 16:28:46 [scrapy] DEBUG: Crawled (200) <GET https://financenews.com.br/2021/08/bradespar-decisao-do-tj-do-rj-fica-sujeita-a-interposicao-de-recursos-nos-tribunais-superiores/> (referer: https://financenews.com.br/category/nao-deixe-de-ler/page/5/)
2021-08-22 16:28:46 [scrapy] DEBUG: Crawled (200) <GET https://financenews.com.br/2021/08/sinqia-faz-parceria-com-a-techrules/> (referer: https://financenews.com.br/category/nao-deixe-de-ler/page/5/)
2021-08-22 16:28:46 [scrapy] DEBUG: Crawled (200) <GET https://financenews.com.br/2021/08/rapidas-vale-bradespar-dexco-ambipar-bancos-ibovespa-e-dolar/> (referer: https://financenews.com.br/category/nao-deixe-de-ler/page/5/)
2021-08-22 16:28:46 [scrapy] DEBUG: Crawled (200) <GET https://financenews.com.br/2021/08/3r-petroleum-compra-participacao-complementar-no-campo-de-sanhacu/> (referer: https://financenews.com.br/category/nao-deixe-de-ler/page/5/)
2021-08-22 16:28:47 [scrapy] DEBUG: Crawled (200) <GET https://financenews.com.br/2021/08/corretora-avalia-que-resultados-do-assai-devem-continuar-robustos/> (referer: https://financenews.com.br/category/nao-deixe-de-ler/page/5/)
2021-08-22 16:28:47 [scrapy] DEBUG: Crawled (200) <GET https://financenews.com.br/2021/08/vale-e-ternium-assinam-memorando-para-desenvolver-solucoes-de-descarbonizacao-para-a-siderurgia/> (referer: https://financenews.com.br/category/nao-deixe-de-ler/page/5/)
2021-08-22 16:28:47 [scrapy] DEBUG: Crawled (200) <GET https://financenews.com.br/2021/08/petrobras-comenta-noticias-sobre-fornecimento-de-gas-natural-para-geracao-de-energia-eletrica/> (referer: https://financenews.com.br/category/nao-deixe-de-ler/page/5/)
2021-08-22 16:28:47 [scrapy] INFO: Dumping Scrapy stats:
{'downloader/request_bytes': 19514,
 'downloader/request_count': 55,
 'downloader/request_method_count/GET': 55,
 'downloader/response_bytes': 1242291,
 'downloader/response_count': 55,
 'downloader/response_status_count/200': 55,
 'elapsed_time_seconds': 6.585424,
 'finish_reason': '1000 news',
 'finish_time': datetime.datetime(2021, 8, 22, 19, 28, 47, 352619),
 'item_scraped_count': 20,
 'log_count/DEBUG': 75,
 'log_count/INFO': 7,
 'request_depth_max': 6,
 'response_received_count': 55,
 'robotstxt/request_count': 1,
 'robotstxt/response_count': 1,
 'robotstxt/response_status_count/200': 1,
 'scheduler/dequeued': 54,
 'scheduler/dequeued/memory': 54,
 'scheduler/enqueued': 67,
 'scheduler/enqueued/memory': 67,
 'start_time': datetime.datetime(2021, 8, 22, 19, 28, 40, 767195)}
2021-08-22 16:28:47 [scrapy] INFO: Spider closed (1000 news)
